[debug] ----------------------------------------------------------------------
[debug] Command:      /usr/local/bin/node /usr/local/bin/firebase serve
[debug] CLI Version:  3.6.0
[debug] Platform:     darwin
[debug] Node Version: v6.10.2
[debug] Time:         Thu Apr 06 2017 22:01:14 GMT-0700 (PDT)
[debug] ----------------------------------------------------------------------
[debug] 
[debug] > command requires scopes: ["email","openid","https://www.googleapis.com/auth/cloudplatformprojects.readonly","https://www.googleapis.com/auth/firebase","https://www.googleapis.com/auth/cloud-platform"]
[debug] >>> HTTP REQUEST GET https://admin.firebase.com/v1/projects/zeds-dbe0f  
 Thu Apr 06 2017 22:01:14 GMT-0700 (PDT)
[debug] <<< HTTP RESPONSE 200
[debug] >>> HTTP REQUEST GET https://admin.firebase.com/v1/database/zeds-dbe0f/tokens  
 Thu Apr 06 2017 22:01:15 GMT-0700 (PDT)
[debug] <<< HTTP RESPONSE 200
[info] Starting Firebase development server...
[info] 
[info] Project Directory: /Users/old_kshook/Desktop/ghvz
[debug] >>> HTTP REQUEST GET https://cloudresourcemanager.googleapis.com/v1/projects/zeds-dbe0f  
 Thu Apr 06 2017 22:01:16 GMT-0700 (PDT)
[debug] <<< HTTP RESPONSE 200
[debug] >>> HTTP REQUEST GET https://mobilesdk-pa.googleapis.com/v1/projects/721599614458/clients/_:getWebAppConfig  
 Thu Apr 06 2017 22:01:16 GMT-0700 (PDT)
[debug] <<< HTTP RESPONSE 200
[info] Public Directory: client
[info] 
[info] Server listening at: http://localhost:5000
